I, [2018-02-24T14:29:59.689216 #42121]  INFO -- : Cleared interactions for example "User pact with provider can process the json payload from the provider"
I, [2018-02-24T14:29:59.694542 #42121]  INFO -- : Registered expected interaction GET /provider.string?valid_date=string123
D, [2018-02-24T14:29:59.694933 #42121] DEBUG -- : {
  "description": "a request for provider string",
  "providerState": "provider is in a sane state",
  "request": {
    "method": "get",
    "path": "/provider.string",
    "query": "valid_date=string123"
  },
  "response": {
    "status": 200,
    "headers": {
      "Content-Type": "text/html;charset=utf-8"
    },
    "body": "string123"
  }
}
I, [2018-02-24T14:29:59.736793 #42121]  INFO -- : Received request GET /provider.string?valid_date=string123
D, [2018-02-24T14:29:59.737251 #42121] DEBUG -- : {
  "path": "/provider.string",
  "query": "valid_date=string123",
  "method": "get",
  "headers": {
    "Accept-Encoding": "gzip;q=1.0,deflate;q=0.6,identity;q=0.3",
    "Accept": "*/*",
    "User-Agent": "Ruby",
    "Connection": "close",
    "Host": "localhost:3000",
    "Version": "HTTP/1.1"
  }
}
I, [2018-02-24T14:29:59.737503 #42121]  INFO -- : Found matching response for GET /provider.string?valid_date=string123
D, [2018-02-24T14:29:59.737693 #42121] DEBUG -- : {
  "status": 200,
  "headers": {
    "Content-Type": "text/html;charset=utf-8"
  },
  "body": "string123"
}
I, [2018-02-24T14:29:59.742380 #42121]  INFO -- : Verifying - interactions matched for example "User pact with provider can process the json payload from the provider"
I, [2018-02-24T14:29:59.746414 #42121]  INFO -- : Writing pact for My Provider to /home/zzh/padrino_test/new_padrino1/spec/pacts/my_consumer-my_provider.json
